2020-11-03 13:57:23,587 - Logger - INFO - Начало работы программы
2020-11-03 13:57:28,202 - Logger - INFO - Режим работы программы - зашифровка сообщения.
2020-11-03 13:57:32,655 - Logger - INFO - Введенное сообщение: привет 
2020-11-03 13:57:32,656 - Logger - INFO - Ввод и проверка значения шага 
2020-11-03 13:57:37,208 - Logger - INFO - Значение шага: 22
2020-11-03 13:57:37,208 - Logger - INFO - Введено верное значение шага
2020-11-03 13:57:37,208 - Logger - INFO - Введено верное значение шага
2020-11-03 13:57:37,209 - Logger - INFO - Начало проверки каждого символа в сообщении 
2020-11-03 13:57:37,209 - Logger - INFO - Проверяемый символ "П" есть в русском алфавите
2020-11-03 13:57:37,209 - Logger - INFO - Номер нового символа = 5 (не выходит за пределы списка) 
2020-11-03 13:57:37,210 - Logger - INFO - Проверяемый символ "Р" есть в русском алфавите
2020-11-03 13:57:37,210 - Logger - INFO - Номер нового символа = 6 (не выходит за пределы списка) 
2020-11-03 13:57:37,210 - Logger - INFO - Проверяемый символ "И" есть в русском алфавите
2020-11-03 13:57:37,210 - Logger - INFO - Номер нового символа = 31 (не выходит за пределы списка) 
2020-11-03 13:57:37,211 - Logger - INFO - Проверяемый символ "В" есть в русском алфавите
2020-11-03 13:57:37,211 - Logger - INFO - Номер нового символа = 24 (не выходит за пределы списка) 
2020-11-03 13:57:37,211 - Logger - INFO - Проверяемый символ "Е" есть в русском алфавите
2020-11-03 13:57:37,211 - Logger - INFO - Номер нового символа = 27 (не выходит за пределы списка) 
2020-11-03 13:57:37,211 - Logger - INFO - Проверяемый символ "Т" есть в русском алфавите
2020-11-03 13:57:37,212 - Logger - INFO - Номер нового символа = 8 (не выходит за пределы списка) 
2020-11-03 13:57:37,213 - Logger - INFO - Программа предлагает расшифровать сообщение. 
2020-11-03 13:57:42,498 - Logger - INFO - Расшифровка текста: привет. 
2020-11-03 13:57:47,022 - Logger - INFO - Режим работы программы - зашифровка сообщения.
2020-11-03 13:57:51,799 - Logger - INFO - Введенное сообщение: пока 
2020-11-03 13:57:51,799 - Logger - INFO - Ввод и проверка значения шага 
2020-11-03 13:57:55,993 - Logger - INFO - Значение шага: 4.6
2020-11-03 13:57:55,995 - Logger - INFO - Ошибка при вводе шага (дробное значение шага)
2020-11-03 13:57:55,995 - Logger - INFO - Начало проверки каждого символа в сообщении 
2020-11-03 13:57:55,995 - Logger - INFO - Проверяемый символ "П" есть в русском алфавите
